<?xml version="1.0" encoding="UTF-8"?>
<!-- Generated by org.testng.reporters.JUnitXMLReporter -->
<testsuite ignored="3" hostname="IBM-PF3NYW1H" failures="0" tests="6" name="Car Loan" time="0.029" errors="0" timestamp="2024-05-24T19:00:46 IST">
  <testcase classname="Test.day3" name="apiLogoutCarLoan" time="0.004"/>
  <testcase classname="Test.day3" name="apiLogoutCarLoan1" time="0.001"/>
  <testcase classname="Test.day3" name="apiLogoutCarLoan1" time="0.001"/>
  <testcase classname="Test.day3" name="apiLogoutCarLoan1" time="0.001"/>
  <testcase classname="Test.day3" name="webLoginCarLoan" time="0.001"/>
  <testcase classname="Test.day3" name="apiLoginCarLoan" time="0.001"/>
  <testcase classname="Test.day3" name="mobileSiginCarLoan" time="0.0">
    <ignored/>
  </testcase> <!-- mobileSiginCarLoan -->
  <testcase classname="Test.day3" name="mobileLoginCarLoan" time="0.0">
    <ignored/>
  </testcase> <!-- mobileLoginCarLoan -->
  <testcase classname="Test.day3" name="mobileLogoutCarLoan" time="0.0">
    <ignored/>
  </testcase> <!-- mobileLogoutCarLoan -->
</testsuite> <!-- Car Loan -->
