<?xml version="1.0" encoding="UTF-8"?>
<!-- Generated by org.testng.reporters.JUnitXMLReporter -->
<testsuite ignored="1" hostname="IBM-PF3NYW1H" failures="0" tests="2" name="Personal Loan Module" time="0.045" errors="0" timestamp="2024-05-24T19:00:46 IST">
  <testcase classname="Test.day1" name="demo" time="0.004"/>
  <testcase classname="Test.day2" name="day2demo2" time="0.001"/>
  <testcase classname="Test.day1" name="demo2" time="0.0">
    <ignored/>
  </testcase> <!-- demo2 -->
</testsuite> <!-- Personal Loan Module -->
