<?xml version="1.0" encoding="UTF-8"?>
<!-- Generated by org.testng.reporters.JUnitXMLReporter -->
<testsuite ignored="7" hostname="IBM-PF3NYW1H" failures="0" tests="4" name="Regression" time="0.057" errors="0" timestamp="2024-05-24T12:52:09 IST">
  <testcase classname="Test.day1" name="demo" time="0.006"/>
  <testcase classname="Test.day2" name="day2demo2" time="0.001"/>
  <testcase classname="Test.day3" name="apiLoginCarLoan" time="0.0"/>
  <testcase classname="Test.day3" name="mobileSiginCarLoan" time="0.001"/>
  <testcase classname="Test.day3" name="webLoginCarLoan" time="0.0">
    <ignored/>
  </testcase> <!-- webLoginCarLoan -->
  <testcase classname="Test.day4" name="apiLoginHomeLoan" time="0.0">
    <ignored/>
  </testcase> <!-- apiLoginHomeLoan -->
  <testcase classname="Test.day4" name="webLoginHomeLoan" time="0.0">
    <ignored/>
  </testcase> <!-- webLoginHomeLoan -->
  <testcase classname="Test.day3" name="mobileLoginCarLoan" time="0.0">
    <ignored/>
  </testcase> <!-- mobileLoginCarLoan -->
  <testcase classname="Test.day3" name="mobileLogoutCarLoan" time="0.0">
    <ignored/>
  </testcase> <!-- mobileLogoutCarLoan -->
  <testcase classname="Test.day1" name="demo2" time="0.0">
    <ignored/>
  </testcase> <!-- demo2 -->
  <testcase classname="Test.day4" name="mobileLoginHomeLoan" time="0.0">
    <ignored/>
  </testcase> <!-- mobileLoginHomeLoan -->
</testsuite> <!-- Regression -->
