<?xml version="1.0" encoding="UTF-8"?>
<!-- Generated by org.testng.reporters.JUnitXMLReporter -->
<testsuite ignored="17" hostname="IBM-PF3NYW1H" failures="0" tests="1" name="Test" time="10.868" errors="0" timestamp="2024-05-11T10:26:49 IST">
  <testcase classname="javapackage.TestNG9Alert" name="alertWindow" time="10.819"/>
  <testcase classname="javapackage.TestNG1" name="bali" time="0.0">
    <ignored/>
  </testcase> <!-- bali -->
  <testcase classname="javapackage.TestNG6" name="testcase1" time="0.0">
    <ignored/>
  </testcase> <!-- testcase1 -->
  <testcase classname="javapackage.TestNG2" name="h" time="0.0">
    <ignored/>
  </testcase> <!-- h -->
  <testcase classname="javapackage.TestNG3" name="b" time="0.0">
    <ignored/>
  </testcase> <!-- b -->
  <testcase classname="javapackage.TestNG4" name="d" time="0.0">
    <ignored/>
  </testcase> <!-- d -->
  <testcase classname="javapackage.TestNG4" name="a" time="0.0">
    <ignored/>
  </testcase> <!-- a -->
  <testcase classname="javapackage.TestNG4" name="b" time="0.0">
    <ignored/>
  </testcase> <!-- b -->
  <testcase classname="javapackage.TestNG3" name="c" time="0.0">
    <ignored/>
  </testcase> <!-- c -->
  <testcase classname="javapackage.TestNG3" name="a" time="0.0">
    <ignored/>
  </testcase> <!-- a -->
  <testcase classname="javapackage.TestNG3" name="z" time="0.0">
    <ignored/>
  </testcase> <!-- z -->
  <testcase classname="javapackage.TestNG5" name="signup" time="0.0">
    <ignored/>
  </testcase> <!-- signup -->
  <testcase classname="javapackage.TestNG3" name="x" time="0.0">
    <ignored/>
  </testcase> <!-- x -->
  <testcase classname="javapackage.TestNG4" name="z" time="0.0">
    <ignored/>
  </testcase> <!-- z -->
  <testcase classname="javapackage.TestNG1" name="amit" time="0.0">
    <ignored/>
  </testcase> <!-- amit -->
  <testcase classname="javapackage.TestNG2" name="z" time="0.0">
    <ignored/>
  </testcase> <!-- z -->
  <testcase classname="javapackage.TestNG3" name="u" time="0.0">
    <ignored/>
  </testcase> <!-- u -->
  <testcase classname="javapackage.TestNG5" name="login" time="0.0">
    <ignored/>
  </testcase> <!-- login -->
</testsuite> <!-- Test -->
